/Users/jasmin/Desktop/Master Applied Artificial Intelligence/Kurse/06 Voice Assistants/VoiceAssistant/va_env/lib/python3.10/site-packages/rasa/core/tracker_store.py:1044: MovedIn20Warning: Deprecated API features detected! These feature(s) are not compatible with SQLAlchemy 2.0. To prevent incompatible upgrades prior to updating applications, ensure requirements files are pinned to "sqlalchemy<2.0". Set environment variable SQLALCHEMY_WARN_20=1 to show all deprecation warnings.  Set environment variable SQLALCHEMY_SILENCE_UBER_WARNING=1 to silence this message. (Background on SQLAlchemy 2.0 at: https://sqlalche.me/e/b8d9)
  Base: DeclarativeMeta = declarative_base()
/Users/jasmin/Desktop/Master Applied Artificial Intelligence/Kurse/06 Voice Assistants/VoiceAssistant/va_env/lib/python3.10/site-packages/rasa/shared/utils/validation.py:134: DeprecationWarning: pkg_resources is deprecated as an API. See https://setuptools.pypa.io/en/latest/pkg_resources.html
  import pkg_resources
/Users/jasmin/Desktop/Master Applied Artificial Intelligence/Kurse/06 Voice Assistants/VoiceAssistant/va_env/lib/python3.10/site-packages/pkg_resources/__init__.py:3117: DeprecationWarning: Deprecated call to `pkg_resources.declare_namespace('mpl_toolkits')`.
Implementing implicit namespace packages (as specified in PEP 420) is preferred to `pkg_resources.declare_namespace`. See https://setuptools.pypa.io/en/latest/references/keywords.html#keyword-namespace-packages
  declare_namespace(pkg)
/Users/jasmin/Desktop/Master Applied Artificial Intelligence/Kurse/06 Voice Assistants/VoiceAssistant/va_env/lib/python3.10/site-packages/pkg_resources/__init__.py:3117: DeprecationWarning: Deprecated call to `pkg_resources.declare_namespace('ruamel')`.
Implementing implicit namespace packages (as specified in PEP 420) is preferred to `pkg_resources.declare_namespace`. See https://setuptools.pypa.io/en/latest/references/keywords.html#keyword-namespace-packages
  declare_namespace(pkg)
/Users/jasmin/Desktop/Master Applied Artificial Intelligence/Kurse/06 Voice Assistants/VoiceAssistant/va_env/lib/python3.10/site-packages/sanic_cors/extension.py:39: DeprecationWarning: distutils Version classes are deprecated. Use packaging.version instead.
  SANIC_VERSION = LooseVersion(sanic_version)
/Users/jasmin/Desktop/Master Applied Artificial Intelligence/Kurse/06 Voice Assistants/VoiceAssistant/va_env/lib/python3.10/site-packages/tensorflow/lite/python/util.py:52: DeprecationWarning: jax.xla_computation is deprecated. Please use the AOT APIs.
  from jax import xla_computation as _xla_computation
2025-04-21 16:39:17 INFO     root  - Starting Rasa server on http://0.0.0.0:5005
2025-04-21 16:39:18 INFO     rasa.core.processor  - Loading model models/20250421-163003-angry-nailer.tar.gz...
2025-04-21 16:40:04 INFO     root  - Rasa server is up and running.
[93m/Users/jasmin/Desktop/Master Applied Artificial Intelligence/Kurse/06 Voice Assistants/VoiceAssistant/va_env/lib/python3.10/site-packages/rasa/shared/utils/io.py:100: UserWarning: Parsed an intent 'confirm_booking' which is not defined in the domain. Please make sure all intents are listed in the domain.
  More info at https://rasa.com/docs/rasa/domain
[0m